[38;5;112m[Appium][0m Welcome to Appium v2.11.1
[38;5;112m[Appium][0m Non-default server args:
[38;5;112m[Appium][0m { basePath: [32m'/wd/hub'[39m, loglevel: [32m'info'[39m, port: [33m63101[39m }
[38;5;112m[Appium][0m Attempting to load driver uiautomator2...
[38;5;112m[Appium][0m Appium REST http interface listener started on http://0.0.0.0:63101/wd/hub
[38;5;112m[Appium][0m You can provide the following URLs in your client code to connect to this server:
	http://192.168.29.4:63101/wd/hub
	http://127.0.0.1:63101/wd/hub (only accessible from the same host)
[38;5;112m[Appium][0m Available drivers:
[38;5;112m[Appium][0m   - uiautomator2@3.7.1 (automationName 'UiAutomator2')
[38;5;112m[Appium][0m No plugins have been installed. Use the "appium plugin" command to install the one(s) you want to use.
[38;5;86m[HTTP][0m [37m-->[39m [37mGET[39m [37m/wd/hub/status[39m [90m{}[39m
[38;5;86m[HTTP][0m [37m<-- GET /wd/hub/status [39m[32m200[39m [90m6 ms - 111[39m [90m[39m
[38;5;86m[HTTP][0m [37m-->[39m [37mGET[39m [37m/wd/hub/status[39m [90m{}[39m
[38;5;86m[HTTP][0m [37m<-- GET /wd/hub/status [39m[32m200[39m [90m1 ms - 111[39m [90m[39m
[38;5;86m[HTTP][0m [37m-->[39m [37mPOST[39m [37m/wd/hub/session[39m [90m{"desiredCapabilities":{"appium:systemPort":8256,"appium:udid":"emulator-5554","appium:autoGrantPermissions":true,"appium:newCommandTimeout":1800,"appium:platformName":"ANDROID","appium:appActivity":".Settings","appium:deviceName":"emulator-5554 (sdk_gphone64_x86_64 - Android 14)","platformName":"Android","appium:automationName":"uiautomator2","appium:platformVersion":"14","appium:appPackage":"com.android.settings"},"capabilities":{"firstMatch":[{"appium:appActivity":".Settings","appium:appPackage":"com.android.settings","appium:autoGrantPermissions":true,"appium:automationName":"uiautomator2","appium:deviceName":"emulator-5554 (sdk_gphone64_x86_64 - Android 14)","appium:newCommandTimeout":1800,"appium:platformName":"ANDROID","appium:platformVersion":"14","appium:systemPort":8256,"appium:udid":"emulator-5554","platformName":"android"}]}}[39m
[38;5;123m[BaseDriver][0m Ignoring capability 'appium:platformName=ANDROID' and using capability 'platformName=android'
[38;5;123m[BaseDriver][0m The capabilities ["platformName"] are standard capabilities and do not require "appium:" prefix
[38;5;112m[Appium][0m Attempting to find matching driver for automationName 'uiautomator2' and platformName 'android'
[38;5;112m[Appium][0m The 'uiautomator2' driver was installed and matched caps.
[38;5;112m[Appium][0m Will require it at C:\Users\VedantKumarSharma\.appium\node_modules\appium-uiautomator2-driver
[38;5;57m[AppiumDriver@7655][0m Appium v2.11.1 creating new AndroidUiautomator2Driver (v3.7.1) session
[38;5;57m[AppiumDriver@7655][0m Checking BaseDriver versions for Appium and AndroidUiautomator2Driver
[38;5;57m[AppiumDriver@7655][0m Appium's BaseDriver version is 9.11.1
[38;5;57m[AppiumDriver@7655][0m AndroidUiautomator2Driver's BaseDriver version is 9.11.1
[38;5;166m[147a340b][0m[38;5;-105m[AndroidUiautomator2Driver@37df][0m Session created with session id: 147a340b-a01a-4345-b4c6-2caf3f7afc96
[38;5;166m[147a340b][0m[38;5;229m[ADB][0m Found 1 'build-tools' folders under 'C:\Users\VedantKumarSharma\.katalon\tools\android_sdk' (newest first):
[38;5;166m[147a340b][0m[38;5;229m[ADB][0m     C:\Users\VedantKumarSharma\.katalon\tools\android_sdk\build-tools\29.0.3
[38;5;166m[147a340b][0m[38;5;229m[ADB][0m Using 'adb.exe' from 'C:\Users\VedantKumarSharma\.katalon\tools\android_sdk\platform-tools\adb.exe'
[38;5;166m[147a340b][0m[38;5;-105m[AndroidUiautomator2Driver@37df][0m Retrieving device list
[38;5;166m[147a340b][0m[38;5;-105m[AndroidUiautomator2Driver@37df][0m Using device: emulator-5554
[38;5;166m[147a340b][0m[38;5;229m[ADB][0m Using 'adb.exe' from 'C:\Users\VedantKumarSharma\.katalon\tools\android_sdk\platform-tools\adb.exe'
[38;5;166m[147a340b][0m[38;5;-105m[AndroidUiautomator2Driver@37df][0m Starting 'com.android.settings' directly on the device
[38;5;166m[147a340b][0m[38;5;229m[ADB][0m Getting device platform version
[38;5;166m[147a340b][0m[38;5;-105m[AndroidUiautomator2Driver@37df][0m Relaxing hidden api policy
[38;5;166m[147a340b][0m[38;5;-105m[AndroidUiautomator2Driver@37df][0m No app sent in, not parsing package/activity
[38;5;166m[147a340b][0m[38;5;-105m[AndroidUiautomator2Driver@37df][0m Server packages are not going to be (re)installed
[38;5;166m[147a340b][0m[38;5;229m[ADB][0m Adding packages ["io.appium.settings","io.appium.uiautomator2.server","io.appium.uiautomator2.server.test"] to Doze whitelist
[38;5;166m[147a340b][0m[38;5;-105m[AndroidUiautomator2Driver@37df][0m Starting UIAutomator2 server 7.0.18
[38;5;166m[147a340b][0m[38;5;-105m[AndroidUiautomator2Driver@37df][0m Using UIAutomator2 server from 'C:\Users\VedantKumarSharma\.appium\node_modules\appium-uiautomator2-driver\node_modules\appium-uiautomator2-server\apks\appium-uiautomator2-server-v7.0.18.apk' and test from 'C:\Users\VedantKumarSharma\.appium\node_modules\appium-uiautomator2-driver\node_modules\appium-uiautomator2-server\apks\appium-uiautomator2-server-debug-androidTest.apk'
[38;5;166m[147a340b][0m[38;5;-105m[AndroidUiautomator2Driver@37df][0m Waiting up to 30000ms for UiAutomator2 to be online...
[38;5;166m[147a340b][0m[38;5;-105m[AndroidUiautomator2Driver@37df][0m socket hang up
[38;5;166m[147a340b][0m[38;5;-105m[AndroidUiautomator2Driver@37df][0m socket hang up
[38;5;166m[147a340b][0m[38;5;-105m[AndroidUiautomator2Driver@37df][0m socket hang up
[38;5;166m[147a340b][0m[38;5;-105m[AndroidUiautomator2Driver@37df][0m socket hang up
[38;5;166m[147a340b][0m[38;5;-105m[AndroidUiautomator2Driver@37df][0m Determined the downstream protocol as 'W3C'
[38;5;166m[147a340b][0m[38;5;-105m[AndroidUiautomator2Driver@37df][0m Screen already unlocked, doing nothing
[38;5;166m[147a340b][0m[38;5;-105m[AndroidUiautomator2Driver@37df][0m Starting 'com.android.settings/.Settings and waiting for 'com.android.settings/.Settings'
[38;5;166m[147a340b][0m[38;5;57m[AppiumDriver@7655][0m New AndroidUiautomator2Driver session created successfully, session 147a340b-a01a-4345-b4c6-2caf3f7afc96 added to master session list
[38;5;166m[147a340b][0m[38;5;86m[HTTP][0m [37m<-- POST /wd/hub/session [39m[32m200[39m [90m13037 ms - 1126[39m [90m[39m
[38;5;166m[147a340b][0m[38;5;86m[HTTP][0m [37m-->[39m [37mGET[39m [37m/wd/hub/session/147a340b-a01a-4345-b4c6-2caf3f7afc96[39m [90m{}[39m
[38;5;166m[147a340b][0m[38;5;86m[HTTP][0m [37m<-- GET /wd/hub/session/147a340b-a01a-4345-b4c6-2caf3f7afc96 [39m[32m200[39m [90m137 ms - 333[39m [90m[39m
[38;5;166m[147a340b][0m[38;5;86m[HTTP][0m [37m-->[39m [37mGET[39m [37m/wd/hub/session/147a340b-a01a-4345-b4c6-2caf3f7afc96[39m [90m{}[39m
[38;5;166m[147a340b][0m[38;5;86m[HTTP][0m [37m<-- GET /wd/hub/session/147a340b-a01a-4345-b4c6-2caf3f7afc96 [39m[32m200[39m [90m131 ms - 333[39m [90m[39m
[38;5;86m[HTTP][0m [37m-->[39m [37mGET[39m [37m/wd/hub/status[39m [90m{}[39m
[38;5;86m[HTTP][0m [37m<-- GET /wd/hub/status [39m[32m200[39m [90m1 ms - 111[39m [90m[39m
[38;5;166m[147a340b][0m[38;5;86m[HTTP][0m [37m-->[39m [37mPOST[39m [37m/wd/hub/session/147a340b-a01a-4345-b4c6-2caf3f7afc96/timeouts[39m [90m{"implicit":60000}[39m
[38;5;166m[147a340b][0m[38;5;86m[HTTP][0m [37m<-- POST /wd/hub/session/147a340b-a01a-4345-b4c6-2caf3f7afc96/timeouts [39m[32m200[39m [90m3 ms - 14[39m [90m[39m
[38;5;166m[147a340b][0m[38;5;86m[HTTP][0m [37m-->[39m [37mGET[39m [37m/wd/hub/session/147a340b-a01a-4345-b4c6-2caf3f7afc96/appium/device/system_bars[39m [90m{}[39m
[38;5;166m[147a340b][0m[38;5;86m[HTTP][0m [37m<-- GET /wd/hub/session/147a340b-a01a-4345-b4c6-2caf3f7afc96/appium/device/system_bars [39m[32m200[39m [90m706 ms - 151[39m [90m[39m
[38;5;166m[147a340b][0m[38;5;86m[HTTP][0m [37m-->[39m [37mPOST[39m [37m/wd/hub/session/147a340b-a01a-4345-b4c6-2caf3f7afc96/appium/device/activate_app[39m [90m{"bundleId":"com.android.chrome"}[39m
[38;5;166m[147a340b][0m[38;5;86m[HTTP][0m [37m<-- POST /wd/hub/session/147a340b-a01a-4345-b4c6-2caf3f7afc96/appium/device/activate_app [39m[32m200[39m [90m674 ms - 14[39m [90m[39m
[38;5;166m[147a340b][0m[38;5;86m[HTTP][0m [37m-->[39m [37mGET[39m [37m/wd/hub/session/147a340b-a01a-4345-b4c6-2caf3f7afc96/source[39m [90m{}[39m
[38;5;166m[147a340b][0m[38;5;-105m[AndroidUiautomator2Driver@37df][0m Driver proxy active, passing request on via HTTP proxy
[38;5;166m[147a340b][0m[38;5;-105m[AndroidUiautomator2Driver@37df][0m Replacing sessionId a01a6072-6da2-4e93-a42e-71517a1bff2c with 147a340b-a01a-4345-b4c6-2caf3f7afc96
[38;5;166m[147a340b][0m[38;5;86m[HTTP][0m [37m<-- GET /wd/hub/session/147a340b-a01a-4345-b4c6-2caf3f7afc96/source [39m[32m200[39m [90m1339 ms - 11809[39m [90m[39m
[38;5;166m[147a340b][0m[38;5;86m[HTTP][0m [37m-->[39m [37mGET[39m [37m/wd/hub/session/147a340b-a01a-4345-b4c6-2caf3f7afc96/screenshot[39m [90m{}[39m
[38;5;166m[147a340b][0m[38;5;86m[HTTP][0m [37m<-- GET /wd/hub/session/147a340b-a01a-4345-b4c6-2caf3f7afc96/screenshot [39m[32m200[39m [90m862 ms - 154092[39m [90m[39m
[38;5;166m[147a340b][0m[38;5;86m[HTTP][0m [37m-->[39m [37mGET[39m [37m/wd/hub/session/147a340b-a01a-4345-b4c6-2caf3f7afc96/source[39m [90m{}[39m
[38;5;166m[147a340b][0m[38;5;-105m[AndroidUiautomator2Driver@37df][0m Driver proxy active, passing request on via HTTP proxy
[38;5;166m[147a340b][0m[38;5;-105m[AndroidUiautomator2Driver@37df][0m Replacing sessionId a01a6072-6da2-4e93-a42e-71517a1bff2c with 147a340b-a01a-4345-b4c6-2caf3f7afc96
[38;5;166m[147a340b][0m[38;5;86m[HTTP][0m [37m<-- GET /wd/hub/session/147a340b-a01a-4345-b4c6-2caf3f7afc96/source [39m[32m200[39m [90m424 ms - 42687[39m [90m[39m
[38;5;166m[147a340b][0m[38;5;86m[HTTP][0m [37m-->[39m [37mGET[39m [37m/wd/hub/session/147a340b-a01a-4345-b4c6-2caf3f7afc96/screenshot[39m [90m{}[39m
[38;5;166m[147a340b][0m[38;5;86m[HTTP][0m [37m<-- GET /wd/hub/session/147a340b-a01a-4345-b4c6-2caf3f7afc96/screenshot [39m[32m200[39m [90m508 ms - 435508[39m [90m[39m
[38;5;166m[147a340b][0m[38;5;86m[HTTP][0m [37m-->[39m [37mDELETE[39m [37m/wd/hub/session/147a340b-a01a-4345-b4c6-2caf3f7afc96[39m [90m{}[39m
[38;5;166m[147a340b][0m[38;5;57m[AppiumDriver@7655][0m Removing session 147a340b-a01a-4345-b4c6-2caf3f7afc96 from our master session list
[38;5;166m[147a340b][0m[38;5;-105m[AndroidUiautomator2Driver@37df][0m Restoring hidden api policy to the device default configuration
[38;5;166m[147a340b][0m[38;5;86m[HTTP][0m [37m<-- DELETE /wd/hub/session/147a340b-a01a-4345-b4c6-2caf3f7afc96 [39m[32m200[39m [90m1207 ms - 14[39m [90m[39m
